OpenROAD v2.0-7374-ge18c0d570 
This program is licensed under the BSD-3 license. See the LICENSE file for details.
Components of this program may be licensed under more restrictive licenses which must be honored.
[WARNING STA-0164] ./platforms/asap7/lib/asap7sc7p5t_SIMPLE_RVT_FF_nldm_211120.lib.gz line 13178, timing group from output port.
[WARNING STA-0164] ./platforms/asap7/lib/asap7sc7p5t_SIMPLE_RVT_FF_nldm_211120.lib.gz line 13211, timing group from output port.
[WARNING STA-0164] ./platforms/asap7/lib/asap7sc7p5t_SIMPLE_RVT_FF_nldm_211120.lib.gz line 13244, timing group from output port.
[WARNING STA-0164] ./platforms/asap7/lib/asap7sc7p5t_SIMPLE_RVT_FF_nldm_211120.lib.gz line 13277, timing group from output port.
[WARNING STA-0164] ./platforms/asap7/lib/asap7sc7p5t_SIMPLE_RVT_FF_nldm_211120.lib.gz line 13310, timing group from output port.
[WARNING STA-0164] ./platforms/asap7/lib/asap7sc7p5t_SIMPLE_RVT_FF_nldm_211120.lib.gz line 13343, timing group from output port.
[WARNING STA-0164] ./platforms/asap7/lib/asap7sc7p5t_SIMPLE_RVT_FF_nldm_211120.lib.gz line 13376, timing group from output port.
[WARNING STA-0164] ./platforms/asap7/lib/asap7sc7p5t_SIMPLE_RVT_FF_nldm_211120.lib.gz line 14772, timing group from output port.
[WARNING STA-0164] ./platforms/asap7/lib/asap7sc7p5t_SIMPLE_RVT_FF_nldm_211120.lib.gz line 14805, timing group from output port.
[WARNING STA-0164] ./platforms/asap7/lib/asap7sc7p5t_SIMPLE_RVT_FF_nldm_211120.lib.gz line 14838, timing group from output port.
[INFO] Deleted 0 routing obstructions
[INFO RCX-0431] Defined process_corner X with ext_model_index 0
[INFO RCX-0029] Defined extraction corner X
[INFO RCX-0008] extracting parasitics of ibex_core ...
[INFO RCX-0435] Reading extraction model file ./platforms/asap7/rcx_patterns.rules ...
[INFO RCX-0436] RC segment generation ibex_core (max_merge_res 50.0) ...
[INFO RCX-0040] Final 138156 rc segments
[INFO RCX-0439] Coupling Cap extraction ibex_core ...
[INFO RCX-0440] Coupling threshhold is 0.1000 fF, coupling capacitance less than 0.1000 fF will be grounded.
[INFO RCX-0043] 145550 wires to be extracted
[INFO RCX-0442] 54% completion -- 78926 wires have been extracted
[INFO RCX-0442] 100% completion -- 145550 wires have been extracted
[INFO RCX-0045] Extract 17945 nets, 156048 rsegs, 156048 caps, 225850 ccs
[INFO RCX-0015] Finished extracting ibex_core.
[INFO RCX-0016] Writing SPEF ...
[INFO RCX-0443] 17945 nets finished
[INFO RCX-0017] Finished writing SPEF ...
[WARNING PSM-0016] Voltage pad location (VSRC) file not specified, defaulting pad location to checkerboard pattern on core area.
[WARNING PSM-0017] X direction bump pitch is not specified, defaulting to 140um.
[WARNING PSM-0018] Y direction bump pitch is not specified, defaulting to 140um.
[WARNING PSM-0063] Specified bump pitches of 140.000 and 140.000 are less than core width of 52.488 or core height of 64.800. Changing bump location to the center of the die at (28.296, 34.560).
[WARNING PSM-0065] VSRC location not specified, using default checkerboard pattern with one VDD every size bumps in x-direction and one in two bumps in the y-direction
[INFO PSM-0076] Setting metal node density to be standard cell height times 5.
[INFO PSM-0031] Number of PDN nodes on net VDD = 23002.
[INFO PSM-0064] Number of voltage sources = 1.
[INFO PSM-0040] All PDN stripes on net VDD are connected.
########## IR report #################
Worstcase voltage: 3.99e-01 V
Average IR drop  : 2.16e-01 V
Worstcase IR drop: 3.71e-01 V
######################################
[WARNING PSM-0016] Voltage pad location (VSRC) file not specified, defaulting pad location to checkerboard pattern on core area.
[WARNING PSM-0017] X direction bump pitch is not specified, defaulting to 140um.
[WARNING PSM-0018] Y direction bump pitch is not specified, defaulting to 140um.
[WARNING PSM-0063] Specified bump pitches of 140.000 and 140.000 are less than core width of 52.488 or core height of 64.800. Changing bump location to the center of the die at (28.296, 34.560).
[WARNING PSM-0065] VSRC location not specified, using default checkerboard pattern with one VDD every size bumps in x-direction and one in two bumps in the y-direction
[INFO PSM-0076] Setting metal node density to be standard cell height times 5.
[INFO PSM-0031] Number of PDN nodes on net VSS = 23193.
[INFO PSM-0064] Number of voltage sources = 1.
[INFO PSM-0040] All PDN stripes on net VSS are connected.
########## IR report #################
Worstcase voltage: 3.68e-01 V
Average IR drop  : 2.15e-01 V
Worstcase IR drop: 3.68e-01 V
######################################

==========================================================================
finish check_setup
--------------------------------------------------------------------------
Warning: There are 6 unconstrained endpoints.

==========================================================================
finish report_tns
--------------------------------------------------------------------------
tns -20301.97

==========================================================================
finish report_wns
--------------------------------------------------------------------------
wns -105.72

==========================================================================
finish report_worst_slack
--------------------------------------------------------------------------
worst slack -105.72

==========================================================================
finish report_clock_skew
--------------------------------------------------------------------------
Clock core_clock
Latency      CRPR       Skew
_31072_/CLK ^
 323.56
_31740_/CLK ^
 141.71     -0.12     181.73


==========================================================================
finish report_checks -path_delay min
--------------------------------------------------------------------------
Startpoint: rst_ni (input port clocked by core_clock)
Endpoint: _32556_ (removal check against rising-edge clock core_clock)
Path Group: asynchronous
Path Type: min

Fanout     Cap    Slew   Delay    Time   Description
-----------------------------------------------------------------------------
                          0.00    0.00   clock core_clock (rise edge)
                          0.00    0.00   clock network delay (propagated)
                        295.00  295.00 ^ input external delay
                  0.00    0.00  295.00 ^ rst_ni (in)
     1    2.25                           rst_ni (net)
                  0.77    0.24  295.24 ^ input148/A (BUFx16f_ASAP7_75t_R)
                 23.12   13.39  308.63 ^ input148/Y (BUFx16f_ASAP7_75t_R)
    44   51.04                           net148 (net)
                 51.81   13.25  321.87 ^ _32556_/SETN (DFFASRHQNx1_ASAP7_75t_R)
                                321.87   data arrival time

                          0.00    0.00   clock core_clock (rise edge)
                          0.00    0.00   clock source latency
                  0.00    0.00    0.00 ^ clk_i (in)
     1    3.88                           clk_i (net)
                  3.17    1.00    1.00 ^ clkbuf_0_clk_i/A (BUFx4_ASAP7_75t_R)
                 20.57   21.91   22.91 ^ clkbuf_0_clk_i/Y (BUFx4_ASAP7_75t_R)
     4    9.75                           clknet_0_clk_i (net)
                 20.98    1.60   24.51 ^ clkbuf_2_3__f_clk_i/A (BUFx4_ASAP7_75t_R)
                 21.40   27.80   52.30 ^ clkbuf_2_3__f_clk_i/Y (BUFx4_ASAP7_75t_R)
     7   10.65                           clknet_2_3__leaf_clk_i (net)
                 21.84    1.70   54.00 ^ clkbuf_leaf_18_clk_i/A (BUFx4_ASAP7_75t_R)
                 11.38   23.53   77.53 ^ clkbuf_leaf_18_clk_i/Y (BUFx4_ASAP7_75t_R)
     2    3.88                           clknet_leaf_18_clk_i (net)
                 11.76    1.09   78.62 ^ _21084_/A (AND2x2_ASAP7_75t_R)
                 18.43   22.16  100.78 ^ _21084_/Y (AND2x2_ASAP7_75t_R)
     1    3.93                           core_clock_gate_i.clk_o (net)
                 18.74    1.32  102.10 ^ clkbuf_0_core_clock_gate_i.clk_o/A (BUFx4_ASAP7_75t_R)
                 23.48   28.23  130.33 ^ clkbuf_0_core_clock_gate_i.clk_o/Y (BUFx4_ASAP7_75t_R)
     4   11.74                           clknet_0_core_clock_gate_i.clk_o (net)
                 23.87    1.66  131.99 ^ clkbuf_2_1__f_core_clock_gate_i.clk_o/A (BUFx4_ASAP7_75t_R)
                 22.72   29.16  161.15 ^ clkbuf_2_1__f_core_clock_gate_i.clk_o/Y (BUFx4_ASAP7_75t_R)
     6   11.30                           clknet_2_1__leaf_core_clock_gate_i.clk_o (net)
                 22.89    1.16  162.32 ^ clkbuf_leaf_26_core_clock_gate_i.clk_o/A (BUFx4_ASAP7_75t_R)
                 38.05   34.81  197.12 ^ clkbuf_leaf_26_core_clock_gate_i.clk_o/Y (BUFx4_ASAP7_75t_R)
    30   23.54                           clknet_leaf_26_core_clock_gate_i.clk_o (net)
                 39.14    3.53  200.65 ^ _32556_/CLK (DFFASRHQNx1_ASAP7_75t_R)
                          0.00  200.65   clock reconvergence pessimism
                         21.90  222.56   library removal time
                                222.56   data required time
-----------------------------------------------------------------------------
                                222.56   data required time
                               -321.87   data arrival time
-----------------------------------------------------------------------------
                                 99.32   slack (MET)


Startpoint: _32762_ (negative level-sensitive latch clocked by core_clock)
Endpoint: _21084_ (rising clock gating-check end-point clocked by core_clock)
Path Group: gated clock
Path Type: min

Fanout     Cap    Slew   Delay    Time   Description
-----------------------------------------------------------------------------
                        737.50  737.50   clock core_clock (fall edge)
                          0.00  737.50   clock source latency
                  0.00    0.00  737.50 v clk_i (in)
     1    3.73                           clk_i (net)
                  2.97    0.94  738.44 v clkbuf_0_clk_i/A (BUFx4_ASAP7_75t_R)
                 18.91   22.57  761.01 v clkbuf_0_clk_i/Y (BUFx4_ASAP7_75t_R)
     4    9.18                           clknet_0_clk_i (net)
                 19.34    1.59  762.60 v clkbuf_2_3__f_clk_i/A (BUFx4_ASAP7_75t_R)
                 19.59   28.34  790.94 v clkbuf_2_3__f_clk_i/Y (BUFx4_ASAP7_75t_R)
     7    9.65                           clknet_2_3__leaf_clk_i (net)
                 20.07    1.69  792.63 v clkbuf_leaf_18_clk_i/A (BUFx4_ASAP7_75t_R)
                 10.76   24.35  816.97 v clkbuf_leaf_18_clk_i/Y (BUFx4_ASAP7_75t_R)
     2    3.62                           clknet_leaf_18_clk_i (net)
                 10.76    0.10  817.07 v clkbuf_level_0_1_1972_clk_i/A (BUFx4_ASAP7_75t_R)
                  6.53   18.64  835.71 v clkbuf_level_0_1_1972_clk_i/Y (BUFx4_ASAP7_75t_R)
     1    0.59                           clknet_level_0_1_1972_clk_i (net)
                  6.53    0.05  835.77 v clkbuf_level_1_1_1973_clk_i/A (BUFx4_ASAP7_75t_R)
                  6.38   17.25  853.02 v clkbuf_level_1_1_1973_clk_i/Y (BUFx4_ASAP7_75t_R)
     1    0.48                           clknet_level_1_1_1973_clk_i (net)
                  6.38    0.03  853.05 v clkbuf_level_2_1_1974_clk_i/A (BUFx4_ASAP7_75t_R)
                  6.46   17.27  870.32 v clkbuf_level_2_1_1974_clk_i/Y (BUFx4_ASAP7_75t_R)
     1    0.54                           clknet_level_2_1_1974_clk_i (net)
                  6.46    0.03  870.35 v clkbuf_level_3_1_1975_clk_i/A (BUFx4_ASAP7_75t_R)
                 35.16   30.33  900.67 v clkbuf_level_3_1_1975_clk_i/Y (BUFx4_ASAP7_75t_R)
    29   20.88                           clknet_level_3_1_1975_clk_i (net)
                 35.45    1.91  902.59 v _32762_/CLK (DLLx1_ASAP7_75t_R)
                  7.49   27.70  930.29 ^ _32762_/Q (DLLx1_ASAP7_75t_R)
     1    0.54                           core_clock_gate_i.en_latch (net)
                  7.50    0.06  930.34 ^ _21084_/B (AND2x2_ASAP7_75t_R)
                                930.34   data arrival time

                        737.50  737.50   clock core_clock (fall edge)
                          0.00  737.50   clock source latency
                  0.00    0.00  737.50 v clk_i (in)
     1    3.88                           clk_i (net)
                  3.17    1.00  738.50 v clkbuf_0_clk_i/A (BUFx4_ASAP7_75t_R)
                 18.91   22.63  761.13 v clkbuf_0_clk_i/Y (BUFx4_ASAP7_75t_R)
     4    9.75                           clknet_0_clk_i (net)
                 19.34    1.59  762.72 v clkbuf_2_3__f_clk_i/A (BUFx4_ASAP7_75t_R)
                 19.59   28.34  791.06 v clkbuf_2_3__f_clk_i/Y (BUFx4_ASAP7_75t_R)
     7   10.65                           clknet_2_3__leaf_clk_i (net)
                 20.07    1.69  792.75 v clkbuf_leaf_18_clk_i/A (BUFx4_ASAP7_75t_R)
                 10.76   24.35  817.10 v clkbuf_leaf_18_clk_i/Y (BUFx4_ASAP7_75t_R)
     2    3.87                           clknet_leaf_18_clk_i (net)
                 11.15    1.09  818.18 v _21084_/A (AND2x2_ASAP7_75t_R)
                         -0.12  818.06   clock reconvergence pessimism
                          0.00  818.06   clock gating hold time
                                818.06   data required time
-----------------------------------------------------------------------------
                                818.06   data required time
                               -930.34   data arrival time
-----------------------------------------------------------------------------
                                112.28   slack (MET)


Startpoint: _31312_ (rising edge-triggered flip-flop clocked by core_clock)
Endpoint: _31312_ (rising edge-triggered flip-flop clocked by core_clock)
Path Group: core_clock
Path Type: min

Fanout     Cap    Slew   Delay    Time   Description
-----------------------------------------------------------------------------
                          0.00    0.00   clock core_clock (rise edge)
                          0.00    0.00   clock source latency
                  0.00    0.00    0.00 ^ clk_i (in)
     1    3.74                           clk_i (net)
                  2.98    0.94    0.94 ^ clkbuf_0_clk_i/A (BUFx4_ASAP7_75t_R)
                 20.57   21.85   22.79 ^ clkbuf_0_clk_i/Y (BUFx4_ASAP7_75t_R)
     4    9.20                           clknet_0_clk_i (net)
                 20.98    1.60   24.39 ^ clkbuf_2_3__f_clk_i/A (BUFx4_ASAP7_75t_R)
                 21.40   27.80   52.18 ^ clkbuf_2_3__f_clk_i/Y (BUFx4_ASAP7_75t_R)
     7    9.69                           clknet_2_3__leaf_clk_i (net)
                 21.84    1.70   53.88 ^ clkbuf_leaf_18_clk_i/A (BUFx4_ASAP7_75t_R)
                 11.38   23.53   77.41 ^ clkbuf_leaf_18_clk_i/Y (BUFx4_ASAP7_75t_R)
     2    3.63                           clknet_leaf_18_clk_i (net)
                 11.76    1.09   78.50 ^ _21084_/A (AND2x2_ASAP7_75t_R)
                 18.42   22.16  100.66 ^ _21084_/Y (AND2x2_ASAP7_75t_R)
     1    3.79                           core_clock_gate_i.clk_o (net)
                 18.73    1.32  101.98 ^ clkbuf_0_core_clock_gate_i.clk_o/A (BUFx4_ASAP7_75t_R)
                 23.48   28.23  130.21 ^ clkbuf_0_core_clock_gate_i.clk_o/Y (BUFx4_ASAP7_75t_R)
     4   11.19                           clknet_0_core_clock_gate_i.clk_o (net)
                 24.17    2.18  132.39 ^ clkbuf_2_3__f_core_clock_gate_i.clk_o/A (BUFx4_ASAP7_75t_R)
                 29.17   31.62  164.00 ^ clkbuf_2_3__f_core_clock_gate_i.clk_o/Y (BUFx4_ASAP7_75t_R)
    11   14.50                           clknet_2_3__leaf_core_clock_gate_i.clk_o (net)
                 30.49    3.33  167.34 ^ clkbuf_leaf_10_core_clock_gate_i.clk_o/A (BUFx4_ASAP7_75t_R)
                 32.24   35.08  202.42 ^ clkbuf_leaf_10_core_clock_gate_i.clk_o/Y (BUFx4_ASAP7_75t_R)
    30   16.62                           clknet_leaf_10_core_clock_gate_i.clk_o (net)
                 32.61    1.95  204.37 ^ _31312_/CLK (DFFHQNx1_ASAP7_75t_R)
                 17.94   43.93  248.30 ^ _31312_/QN (DFFHQNx1_ASAP7_75t_R)
     2    1.55                           _01520_ (net)
                 17.94    0.11  248.41 ^ _24546_/A1 (OAI21x1_ASAP7_75t_R)
                  5.71    7.03  255.44 v _24546_/Y (OAI21x1_ASAP7_75t_R)
     1    0.60                           _02925_ (net)
                  5.71    0.05  255.48 v _31312_/D (DFFHQNx1_ASAP7_75t_R)
                                255.48   data arrival time

                          0.00    0.00   clock core_clock (rise edge)
                          0.00    0.00   clock source latency
                  0.00    0.00    0.00 ^ clk_i (in)
     1    3.88                           clk_i (net)
                  3.17    1.00    1.00 ^ clkbuf_0_clk_i/A (BUFx4_ASAP7_75t_R)
                 20.57   21.91   22.91 ^ clkbuf_0_clk_i/Y (BUFx4_ASAP7_75t_R)
     4    9.75                           clknet_0_clk_i (net)
                 20.98    1.60   24.51 ^ clkbuf_2_3__f_clk_i/A (BUFx4_ASAP7_75t_R)
                 21.40   27.80   52.30 ^ clkbuf_2_3__f_clk_i/Y (BUFx4_ASAP7_75t_R)
     7   10.65                           clknet_2_3__leaf_clk_i (net)
                 21.84    1.70   54.00 ^ clkbuf_leaf_18_clk_i/A (BUFx4_ASAP7_75t_R)
                 11.38   23.53   77.53 ^ clkbuf_leaf_18_clk_i/Y (BUFx4_ASAP7_75t_R)
     2    3.88                           clknet_leaf_18_clk_i (net)
                 11.76    1.09   78.62 ^ _21084_/A (AND2x2_ASAP7_75t_R)
                 18.43   22.16  100.78 ^ _21084_/Y (AND2x2_ASAP7_75t_R)
     1    3.93                           core_clock_gate_i.clk_o (net)
                 18.74    1.32  102.10 ^ clkbuf_0_core_clock_gate_i.clk_o/A (BUFx4_ASAP7_75t_R)
                 23.48   28.23  130.33 ^ clkbuf_0_core_clock_gate_i.clk_o/Y (BUFx4_ASAP7_75t_R)
     4   11.74                           clknet_0_core_clock_gate_i.clk_o (net)
                 24.17    2.18  132.51 ^ clkbuf_2_3__f_core_clock_gate_i.clk_o/A (BUFx4_ASAP7_75t_R)
                 29.17   31.62  164.13 ^ clkbuf_2_3__f_core_clock_gate_i.clk_o/Y (BUFx4_ASAP7_75t_R)
    11   16.02                           clknet_2_3__leaf_core_clock_gate_i.clk_o (net)
                 30.49    3.33  167.46 ^ clkbuf_leaf_10_core_clock_gate_i.clk_o/A (BUFx4_ASAP7_75t_R)
                 32.24   35.08  202.54 ^ clkbuf_leaf_10_core_clock_gate_i.clk_o/Y (BUFx4_ASAP7_75t_R)
    30   20.03                           clknet_leaf_10_core_clock_gate_i.clk_o (net)
                 32.61    1.95  204.49 ^ _31312_/CLK (DFFHQNx1_ASAP7_75t_R)
                         -0.12  204.37   clock reconvergence pessimism
                         14.52  218.88   library hold time
                                218.88   data required time
-----------------------------------------------------------------------------
                                218.88   data required time
                               -255.48   data arrival time
-----------------------------------------------------------------------------
                                 36.60   slack (MET)



==========================================================================
finish report_checks -path_delay max
--------------------------------------------------------------------------
Startpoint: rst_ni (input port clocked by core_clock)
Endpoint: _32272_ (recovery check against rising-edge clock core_clock)
Path Group: asynchronous
Path Type: max

Fanout     Cap    Slew   Delay    Time   Description
-----------------------------------------------------------------------------
                          0.00    0.00   clock core_clock (rise edge)
                          0.00    0.00   clock network delay (propagated)
                        295.00  295.00 ^ input external delay
                  0.00    0.00  295.00 ^ rst_ni (in)
     1    2.91                           rst_ni (net)
                  1.01    0.32  295.32 ^ input148/A (BUFx16f_ASAP7_75t_R)
                 23.12   13.46  308.78 ^ input148/Y (BUFx16f_ASAP7_75t_R)
    44   62.99                           net148 (net)
                 56.25   14.92  323.70 ^ load_slew364/A (BUFx16f_ASAP7_75t_R)
                 37.03   26.71  350.41 ^ load_slew364/Y (BUFx16f_ASAP7_75t_R)
    65   91.82                           net364 (net)
                125.14   38.46  388.87 ^ wire357/A (BUFx24_ASAP7_75t_R)
                 25.92   41.93  430.80 ^ wire357/Y (BUFx24_ASAP7_75t_R)
    76  106.32                           net357 (net)
                 58.60   13.51  444.31 ^ load_slew353/A (BUFx24_ASAP7_75t_R)
                 26.29   31.73  476.03 ^ load_slew353/Y (BUFx24_ASAP7_75t_R)
    78  106.82                           net353 (net)
                 93.56   25.73  501.76 ^ load_slew352/A (BUFx16f_ASAP7_75t_R)
                 17.91   31.16  532.92 ^ load_slew352/Y (BUFx16f_ASAP7_75t_R)
    70   95.65                           net352 (net)
                168.13   51.58  584.50 ^ load_slew349/A (BUFx24_ASAP7_75t_R)
                 21.89   44.68  629.18 ^ load_slew349/Y (BUFx24_ASAP7_75t_R)
    85  110.77                           net349 (net)
                 80.00   20.33  649.51 ^ load_slew347/A (BUFx16f_ASAP7_75t_R)
                 34.02   29.94  679.45 ^ load_slew347/Y (BUFx16f_ASAP7_75t_R)
    79  102.90                           net347 (net)
                178.93   56.28  735.73 ^ _32272_/SETN (DFFASRHQNx1_ASAP7_75t_R)
                                735.73   data arrival time

                       1475.00 1475.00   clock core_clock (rise edge)
                          0.00 1475.00   clock source latency
                  0.00    0.00 1475.00 ^ clk_i (in)
     1    3.74                           clk_i (net)
                  2.98    0.94 1475.94 ^ clkbuf_0_clk_i/A (BUFx4_ASAP7_75t_R)
                 20.57   21.85 1497.79 ^ clkbuf_0_clk_i/Y (BUFx4_ASAP7_75t_R)
     4    9.20                           clknet_0_clk_i (net)
                 21.11    1.82 1499.60 ^ clkbuf_2_2__f_clk_i/A (BUFx4_ASAP7_75t_R)
                 23.81   29.38 1528.99 ^ clkbuf_2_2__f_clk_i/Y (BUFx4_ASAP7_75t_R)
     9   11.63                           clknet_2_2__leaf_clk_i (net)
                 24.18    1.63 1530.61 ^ clkbuf_leaf_9_clk_i/A (BUFx4_ASAP7_75t_R)
                  6.58   21.47 1552.08 ^ clkbuf_leaf_9_clk_i/Y (BUFx4_ASAP7_75t_R)
     1    0.47                           clknet_leaf_9_clk_i (net)
                  6.58    0.02 1552.10 ^ clkbuf_level_0_1_1036_clk_i/A (BUFx4_ASAP7_75t_R)
                  6.41   16.25 1568.34 ^ clkbuf_level_0_1_1036_clk_i/Y (BUFx4_ASAP7_75t_R)
     1    0.54                           clknet_level_0_1_1036_clk_i (net)
                  6.41    0.06 1568.40 ^ clkbuf_level_1_1_1037_clk_i/A (BUFx4_ASAP7_75t_R)
                  6.45   16.23 1584.63 ^ clkbuf_level_1_1_1037_clk_i/Y (BUFx4_ASAP7_75t_R)
     1    0.58                           clknet_level_1_1_1037_clk_i (net)
                  6.46    0.05 1584.68 ^ clkbuf_level_2_1_1038_clk_i/A (BUFx4_ASAP7_75t_R)
                  6.51   16.27 1600.95 ^ clkbuf_level_2_1_1038_clk_i/Y (BUFx4_ASAP7_75t_R)
     1    0.61                           clknet_level_2_1_1038_clk_i (net)
                  6.51    0.06 1601.01 ^ clkbuf_level_3_1_1039_clk_i/A (BUFx4_ASAP7_75t_R)
                 29.97   26.74 1627.75 ^ clkbuf_level_3_1_1039_clk_i/Y (BUFx4_ASAP7_75t_R)
    30   15.08                           clknet_level_3_1_1039_clk_i (net)
                 30.03    0.82 1628.57 ^ _32272_/CLK (DFFASRHQNx1_ASAP7_75t_R)
                          0.00 1628.57   clock reconvergence pessimism
                         -8.72 1619.85   library recovery time
                               1619.85   data required time
-----------------------------------------------------------------------------
                               1619.85   data required time
                               -735.73   data arrival time
-----------------------------------------------------------------------------
                                884.12   slack (MET)


Startpoint: _32762_ (negative level-sensitive latch clocked by core_clock)
Endpoint: _21084_ (rising clock gating-check end-point clocked by core_clock)
Path Group: gated clock
Path Type: max

Fanout     Cap    Slew   Delay    Time   Description
-----------------------------------------------------------------------------
                        737.50  737.50   clock core_clock (fall edge)
                          0.00  737.50   clock source latency
                  0.00    0.00  737.50 v clk_i (in)
     1    3.88                           clk_i (net)
                  3.17    1.00  738.50 v clkbuf_0_clk_i/A (BUFx4_ASAP7_75t_R)
                 18.91   22.63  761.13 v clkbuf_0_clk_i/Y (BUFx4_ASAP7_75t_R)
     4    9.75                           clknet_0_clk_i (net)
                 19.34    1.59  762.72 v clkbuf_2_3__f_clk_i/A (BUFx4_ASAP7_75t_R)
                 19.59   28.34  791.06 v clkbuf_2_3__f_clk_i/Y (BUFx4_ASAP7_75t_R)
     7   10.65                           clknet_2_3__leaf_clk_i (net)
                 20.07    1.69  792.75 v clkbuf_leaf_18_clk_i/A (BUFx4_ASAP7_75t_R)
                 10.76   24.35  817.10 v clkbuf_leaf_18_clk_i/Y (BUFx4_ASAP7_75t_R)
     2    3.87                           clknet_leaf_18_clk_i (net)
                 10.76    0.10  817.20 v clkbuf_level_0_1_1972_clk_i/A (BUFx4_ASAP7_75t_R)
                  6.53   18.64  835.84 v clkbuf_level_0_1_1972_clk_i/Y (BUFx4_ASAP7_75t_R)
     1    0.74                           clknet_level_0_1_1972_clk_i (net)
                  6.53    0.05  835.89 v clkbuf_level_1_1_1973_clk_i/A (BUFx4_ASAP7_75t_R)
                  6.38   17.25  853.14 v clkbuf_level_1_1_1973_clk_i/Y (BUFx4_ASAP7_75t_R)
     1    0.62                           clknet_level_1_1_1973_clk_i (net)
                  6.38    0.03  853.18 v clkbuf_level_2_1_1974_clk_i/A (BUFx4_ASAP7_75t_R)
                  6.46   17.27  870.44 v clkbuf_level_2_1_1974_clk_i/Y (BUFx4_ASAP7_75t_R)
     1    0.68                           clknet_level_2_1_1974_clk_i (net)
                  6.46    0.03  870.47 v clkbuf_level_3_1_1975_clk_i/A (BUFx4_ASAP7_75t_R)
                 35.16   30.33  900.80 v clkbuf_level_3_1_1975_clk_i/Y (BUFx4_ASAP7_75t_R)
    29   24.33                           clknet_level_3_1_1975_clk_i (net)
                 35.45    1.91  902.71 v _32762_/CLK (DLLx1_ASAP7_75t_R)
                  7.25   36.47  939.18 v _32762_/Q (DLLx1_ASAP7_75t_R)
     1    0.79                           core_clock_gate_i.en_latch (net)
                  7.25    0.06  939.23 v _21084_/B (AND2x2_ASAP7_75t_R)
                                939.23   data arrival time

                       1475.00 1475.00   clock core_clock (rise edge)
                          0.00 1475.00   clock source latency
                  0.00    0.00 1475.00 ^ clk_i (in)
     1    3.74                           clk_i (net)
                  2.98    0.94 1475.94 ^ clkbuf_0_clk_i/A (BUFx4_ASAP7_75t_R)
                 20.57   21.85 1497.79 ^ clkbuf_0_clk_i/Y (BUFx4_ASAP7_75t_R)
     4    9.20                           clknet_0_clk_i (net)
                 20.98    1.60 1499.39 ^ clkbuf_2_3__f_clk_i/A (BUFx4_ASAP7_75t_R)
                 21.40   27.80 1527.18 ^ clkbuf_2_3__f_clk_i/Y (BUFx4_ASAP7_75t_R)
     7    9.69                           clknet_2_3__leaf_clk_i (net)
                 21.84    1.70 1528.88 ^ clkbuf_leaf_18_clk_i/A (BUFx4_ASAP7_75t_R)
                 11.38   23.53 1552.41 ^ clkbuf_leaf_18_clk_i/Y (BUFx4_ASAP7_75t_R)
     2    3.63                           clknet_leaf_18_clk_i (net)
                 11.76    1.09 1553.50 ^ _21084_/A (AND2x2_ASAP7_75t_R)
                          0.12 1553.62   clock reconvergence pessimism
                          0.00 1553.62   clock gating setup time
                               1553.62   data required time
-----------------------------------------------------------------------------
                               1553.62   data required time
                               -939.23   data arrival time
-----------------------------------------------------------------------------
                                614.39   slack (MET)


Startpoint: _32888_ (rising edge-triggered flip-flop clocked by core_clock)
Endpoint: _32016_ (rising edge-triggered flip-flop clocked by core_clock)
Path Group: core_clock
Path Type: max

Fanout     Cap    Slew   Delay    Time   Description
-----------------------------------------------------------------------------
                          0.00    0.00   clock core_clock (rise edge)
                          0.00    0.00   clock source latency
                  0.00    0.00    0.00 ^ clk_i (in)
     1    3.88                           clk_i (net)
                  3.17    1.00    1.00 ^ clkbuf_0_clk_i/A (BUFx4_ASAP7_75t_R)
                 20.57   21.91   22.91 ^ clkbuf_0_clk_i/Y (BUFx4_ASAP7_75t_R)
     4    9.75                           clknet_0_clk_i (net)
                 20.98    1.60   24.51 ^ clkbuf_2_3__f_clk_i/A (BUFx4_ASAP7_75t_R)
                 21.40   27.80   52.30 ^ clkbuf_2_3__f_clk_i/Y (BUFx4_ASAP7_75t_R)
     7   10.65                           clknet_2_3__leaf_clk_i (net)
                 21.84    1.70   54.00 ^ clkbuf_leaf_18_clk_i/A (BUFx4_ASAP7_75t_R)
                 11.38   23.53   77.53 ^ clkbuf_leaf_18_clk_i/Y (BUFx4_ASAP7_75t_R)
     2    3.88                           clknet_leaf_18_clk_i (net)
                 11.76    1.09   78.62 ^ _21084_/A (AND2x2_ASAP7_75t_R)
                 18.43   22.16  100.78 ^ _21084_/Y (AND2x2_ASAP7_75t_R)
     1    3.93                           core_clock_gate_i.clk_o (net)
                 18.74    1.32  102.10 ^ clkbuf_0_core_clock_gate_i.clk_o/A (BUFx4_ASAP7_75t_R)
                 23.48   28.23  130.33 ^ clkbuf_0_core_clock_gate_i.clk_o/Y (BUFx4_ASAP7_75t_R)
     4   11.74                           clknet_0_core_clock_gate_i.clk_o (net)
                 24.09    2.05  132.38 ^ clkbuf_2_2__f_core_clock_gate_i.clk_o/A (BUFx4_ASAP7_75t_R)
                 22.94   29.30  161.68 ^ clkbuf_2_2__f_core_clock_gate_i.clk_o/Y (BUFx4_ASAP7_75t_R)
     8   11.74                           clknet_2_2__leaf_core_clock_gate_i.clk_o (net)
                 22.98    0.56  162.25 ^ clkbuf_leaf_4_core_clock_gate_i.clk_o/A (BUFx4_ASAP7_75t_R)
                 34.79   34.12  196.37 ^ clkbuf_leaf_4_core_clock_gate_i.clk_o/Y (BUFx4_ASAP7_75t_R)
    30   21.59                           clknet_leaf_4_core_clock_gate_i.clk_o (net)
                 35.17    2.06  198.43 ^ _32888_/CLK (DFFHQNx1_ASAP7_75t_R)
                 43.37   58.98  257.40 v _32888_/QN (DFFHQNx1_ASAP7_75t_R)
     5    8.05                           _00290_ (net)
                 43.46    1.13  258.53 v load_slew332/A (BUFx12f_ASAP7_75t_R)
                 15.13   23.13  281.66 v load_slew332/Y (BUFx12f_ASAP7_75t_R)
     8   22.69                           net332 (net)
                 20.35    4.55  286.22 v _16979_/A (AND2x6_ASAP7_75t_R)
                 54.88   38.81  325.03 v _16979_/Y (AND2x6_ASAP7_75t_R)
   132  123.17                           _12024_ (net)
                494.13  155.12  480.14 v _17829_/B1 (AO22x1_ASAP7_75t_R)
                 16.34   77.23  557.37 v _17829_/Y (AO22x1_ASAP7_75t_R)
     1    0.72                           _12818_ (net)
                 16.34    0.05  557.42 v _17831_/A1 (OA21x2_ASAP7_75t_R)
                  7.70   18.13  575.55 v _17831_/Y (OA21x2_ASAP7_75t_R)
     1    0.84                           _12820_ (net)
                  7.70    0.07  575.62 v _17836_/B (OR3x1_ASAP7_75t_R)
                 11.60   24.16  599.78 v _17836_/Y (OR3x1_ASAP7_75t_R)
     1    1.06                           _12825_ (net)
                 11.61    0.15  599.93 v _17837_/B (AO21x1_ASAP7_75t_R)
                 11.57   17.89  617.82 v _17837_/Y (AO21x1_ASAP7_75t_R)
     1    1.75                           _12826_ (net)
                 11.58    0.15  617.97 v _17838_/B (OAI21x1_ASAP7_75t_R)
                 51.41   15.18  633.15 ^ _17838_/Y (OAI21x1_ASAP7_75t_R)
     4    8.47                           _12827_ (net)
                 51.71    2.17  635.32 ^ _19823_/B (AND2x2_ASAP7_75t_R)
                  8.39   25.67  660.99 ^ _19823_/Y (AND2x2_ASAP7_75t_R)
     1    0.81                           _14646_ (net)
                  8.39    0.08  661.07 ^ _19824_/B (AO21x2_ASAP7_75t_R)
                 60.20   27.44  688.51 ^ _19824_/Y (AO21x2_ASAP7_75t_R)
    17   21.26                           _14647_ (net)
                 65.96    9.80  698.30 ^ _21136_/A (NAND2x1_ASAP7_75t_R)
                 27.81   17.48  715.78 v _21136_/Y (NAND2x1_ASAP7_75t_R)
     1    2.25                           _14861_ (net)
                 27.81    0.12  715.90 v _30325_/B (FAx1_ASAP7_75t_R)
                 48.18   54.18  770.08 v _30325_/SN (FAx1_ASAP7_75t_R)
     1    2.24                           _14865_ (net)
                 48.18    0.12  770.20 v _30326_/B (FAx1_ASAP7_75t_R)
                 34.61   28.80  799.00 ^ _30326_/CON (FAx1_ASAP7_75t_R)
     1    0.80                           _01391_ (net)
                 26.55   15.45  814.45 v _30326_/SN (FAx1_ASAP7_75t_R)
     1    0.96                           _01379_ (net)
                 26.56    0.10  814.55 v _21370_/A (INVx1_ASAP7_75t_R)
                 13.18   11.09  825.64 ^ _21370_/Y (INVx1_ASAP7_75t_R)
     1    1.17                           _14868_ (net)
                 13.18    0.10  825.73 ^ _30719_/A (HAxp5_ASAP7_75t_R)
                 19.69   22.94  848.67 ^ _30719_/SN (HAxp5_ASAP7_75t_R)
     1    1.04                           _01380_ (net)
                 19.70    0.09  848.77 ^ _29926_/A (INVx1_ASAP7_75t_R)
                 10.62    8.90  857.66 v _29926_/Y (INVx1_ASAP7_75t_R)
     1    1.26                           _15943_ (net)
                 10.63    0.11  857.77 v _30720_/A (HAxp5_ASAP7_75t_R)
                 17.18   23.69  881.46 v _30720_/SN (HAxp5_ASAP7_75t_R)
     1    0.85                           _01381_ (net)
                 17.18    0.06  881.53 v _29972_/A (INVx1_ASAP7_75t_R)
                 13.11   10.68  892.21 ^ _29972_/Y (INVx1_ASAP7_75t_R)
     1    1.75                           _14871_ (net)
                 13.11    0.11  892.31 ^ _30327_/CI (FAx1_ASAP7_75t_R)
                 21.22   32.03  924.34 v _30327_/SN (FAx1_ASAP7_75t_R)
     1    0.85                           _01382_ (net)
                 21.22    0.08  924.42 v _21371_/A (INVx1_ASAP7_75t_R)
                 16.42   12.99  937.41 ^ _21371_/Y (INVx1_ASAP7_75t_R)
     1    2.06                           _14873_ (net)
                 16.42    0.12  937.53 ^ _30328_/A (FAx1_ASAP7_75t_R)
                 23.84   17.52  955.05 v _30328_/CON (FAx1_ASAP7_75t_R)
     1    1.49                           _01397_ (net)
                 28.78   15.24  970.29 ^ _30328_/SN (FAx1_ASAP7_75t_R)
     1    0.86                           _01384_ (net)
                 28.78    0.09  970.38 ^ _30289_/A (INVx1_ASAP7_75t_R)
                 11.74    9.62  980.00 v _30289_/Y (INVx1_ASAP7_75t_R)
     1    1.16                           _14876_ (net)
                 11.74    0.09  980.09 v _30721_/A (HAxp5_ASAP7_75t_R)
                 46.07   42.46 1022.55 v _30721_/SN (HAxp5_ASAP7_75t_R)
     2    2.45                           _01385_ (net)
                 46.07    0.15 1022.71 v _20087_/A1 (OA21x2_ASAP7_75t_R)
                  7.95   23.87 1046.57 v _20087_/Y (OA21x2_ASAP7_75t_R)
     2    1.52                           _14745_ (net)
                  7.95    0.09 1046.67 v _20088_/A2 (OA21x2_ASAP7_75t_R)
                  5.86   16.13 1062.80 v _20088_/Y (OA21x2_ASAP7_75t_R)
     1    0.78                           _14746_ (net)
                  5.86    0.04 1062.84 v _20089_/A2 (OA21x2_ASAP7_75t_R)
                  7.98   16.48 1079.32 v _20089_/Y (OA21x2_ASAP7_75t_R)
     2    1.51                           _14747_ (net)
                  7.98    0.08 1079.41 v _20090_/A2 (OA21x2_ASAP7_75t_R)
                  6.62   16.68 1096.09 v _20090_/Y (OA21x2_ASAP7_75t_R)
     1    1.11                           _14748_ (net)
                  6.64    0.17 1096.26 v _20091_/A2 (OA21x2_ASAP7_75t_R)
                  9.56   17.51 1113.77 v _20091_/Y (OA21x2_ASAP7_75t_R)
     2    1.90                           _14749_ (net)
                  9.60    0.32 1114.09 v _20092_/C (OR3x1_ASAP7_75t_R)
                 10.14   23.70 1137.79 v _20092_/Y (OR3x1_ASAP7_75t_R)
     1    0.68                           _14750_ (net)
                 10.14    0.07 1137.86 v _20093_/C (OA211x2_ASAP7_75t_R)
                 11.55   28.88 1166.74 v _20093_/Y (OA211x2_ASAP7_75t_R)
     2    1.87                           _14751_ (net)
                 11.58    0.32 1167.06 v _20094_/C (OR3x1_ASAP7_75t_R)
                  9.37   23.78 1190.85 v _20094_/Y (OR3x1_ASAP7_75t_R)
     1    0.60                           _14752_ (net)
                  9.37    0.06 1190.91 v _20095_/C (OA211x2_ASAP7_75t_R)
                 10.16   27.77 1218.68 v _20095_/Y (OA211x2_ASAP7_75t_R)
     2    1.40                           _14753_ (net)
                 10.16    0.08 1218.76 v _20096_/C (OR3x1_ASAP7_75t_R)
                  9.68   23.52 1242.28 v _20096_/Y (OR3x1_ASAP7_75t_R)
     1    0.60                           _14754_ (net)
                  9.68    0.05 1242.33 v _20097_/C (OA211x2_ASAP7_75t_R)
                 12.78   29.73 1272.05 v _20097_/Y (OA211x2_ASAP7_75t_R)
     2    2.51                           _14755_ (net)
                 12.78    0.18 1272.23 v _20099_/C (OR3x1_ASAP7_75t_R)
                  9.30   23.75 1295.98 v _20099_/Y (OR3x1_ASAP7_75t_R)
     1    0.53                           _14756_ (net)
                  9.30    0.04 1296.01 v _20100_/C (OA211x2_ASAP7_75t_R)
                 11.42   28.59 1324.61 v _20100_/Y (OA211x2_ASAP7_75t_R)
     2    1.85                           _14757_ (net)
                 11.45    0.28 1324.89 v _20101_/C (OR3x1_ASAP7_75t_R)
                  9.17   23.35 1348.24 v _20101_/Y (OR3x1_ASAP7_75t_R)
     1    0.49                           _14758_ (net)
                  9.17    0.03 1348.27 v _20102_/C (OA211x2_ASAP7_75t_R)
                 10.68   28.06 1376.33 v _20102_/Y (OA211x2_ASAP7_75t_R)
     2    1.59                           _14759_ (net)
                 10.69    0.17 1376.50 v _20103_/C (OR3x1_ASAP7_75t_R)
                  9.15   23.21 1399.71 v _20103_/Y (OR3x1_ASAP7_75t_R)
     1    0.50                           _14760_ (net)
                  9.15    0.03 1399.74 v _20104_/C (OA211x2_ASAP7_75t_R)
                 10.48   27.93 1427.67 v _20104_/Y (OA211x2_ASAP7_75t_R)
     2    1.52                           _14761_ (net)
                 10.48    0.13 1427.80 v _20105_/C (OR3x1_ASAP7_75t_R)
                 11.66   25.00 1452.80 v _20105_/Y (OR3x1_ASAP7_75t_R)
     1    1.14                           _14762_ (net)
                 11.66    0.09 1452.89 v _20107_/A (NAND2x1_ASAP7_75t_R)
                 20.35   15.29 1468.18 ^ _20107_/Y (NAND2x1_ASAP7_75t_R)
     2    2.53                           _15605_ (net)
                 20.36    0.21 1468.39 ^ _20110_/A1 (AO21x1_ASAP7_75t_R)
                 16.38   18.87 1487.25 ^ _20110_/Y (AO21x1_ASAP7_75t_R)
     2    2.59                           _15671_ (net)
                 16.40    0.31 1487.56 ^ _20113_/A1 (AO21x1_ASAP7_75t_R)
                 16.54   18.45 1506.01 ^ _20113_/Y (AO21x1_ASAP7_75t_R)
     2    2.79                           _15729_ (net)
                 16.54    0.18 1506.19 ^ _20115_/A (NAND2x1_ASAP7_75t_R)
                 13.53   11.02 1517.21 v _20115_/Y (NAND2x1_ASAP7_75t_R)
     2    2.17                           _14769_ (net)
                 13.53    0.17 1517.38 v _21468_/A (NAND2x1_ASAP7_75t_R)
                 16.58   14.11 1531.49 ^ _21468_/Y (NAND2x1_ASAP7_75t_R)
     1    1.80                           _15781_ (net)
                 16.58    0.19 1531.67 ^ _30635_/CI (FAx1_ASAP7_75t_R)
                 33.02   18.34 1550.01 v _30635_/CON (FAx1_ASAP7_75t_R)
     1    1.63                           _02254_ (net)
                 33.02    0.06 1550.07 v _23186_/B (XOR2x1_ASAP7_75t_R)
                 22.43   29.20 1579.27 v _23186_/Y (XOR2x1_ASAP7_75t_R)
     1    2.15                           _06968_ (net)
                 22.46    0.42 1579.69 v _23188_/A2 (AO21x1_ASAP7_75t_R)
                 11.54   19.68 1599.37 v _23188_/Y (AO21x1_ASAP7_75t_R)
     1    1.57                           _06970_ (net)
                 11.57    0.30 1599.67 v _23189_/B (AND2x2_ASAP7_75t_R)
                 20.78   22.52 1622.19 v _23189_/Y (AND2x2_ASAP7_75t_R)
     2    4.98                           _06971_ (net)
                 21.00    1.18 1623.38 v _23201_/B1 (AO221x2_ASAP7_75t_R)
                 22.56   33.16 1656.53 v _23201_/Y (AO221x2_ASAP7_75t_R)
     1    4.97                           _06983_ (net)
                 22.82    1.38 1657.91 v _23206_/A2 (AO21x2_ASAP7_75t_R)
                 26.18   29.65 1687.57 v _23206_/Y (AO21x2_ASAP7_75t_R)
     6    8.58                           _06988_ (net)
                 26.20    0.39 1687.96 v split90/A (BUFx6f_ASAP7_75t_R)
                 16.35   18.92 1706.88 v split90/Y (BUFx6f_ASAP7_75t_R)
    15   14.73                           net2118 (net)
                 30.60    8.47 1715.35 v _26236_/A1 (AO21x1_ASAP7_75t_R)
                  8.19   21.15 1736.49 v _26236_/Y (AO21x1_ASAP7_75t_R)
     1    0.90                           _03629_ (net)
                  8.20    0.09 1736.58 v _32016_/D (DFFASRHQNx1_ASAP7_75t_R)
                               1736.58   data arrival time

                       1475.00 1475.00   clock core_clock (rise edge)
                          0.00 1475.00   clock source latency
                  0.00    0.00 1475.00 ^ clk_i (in)
     1    3.74                           clk_i (net)
                  2.98    0.94 1475.94 ^ clkbuf_0_clk_i/A (BUFx4_ASAP7_75t_R)
                 20.57   21.85 1497.79 ^ clkbuf_0_clk_i/Y (BUFx4_ASAP7_75t_R)
     4    9.20                           clknet_0_clk_i (net)
                 21.11    1.82 1499.60 ^ clkbuf_2_2__f_clk_i/A (BUFx4_ASAP7_75t_R)
                 23.81   29.38 1528.99 ^ clkbuf_2_2__f_clk_i/Y (BUFx4_ASAP7_75t_R)
     9   11.63                           clknet_2_2__leaf_clk_i (net)
                 24.18    1.63 1530.61 ^ clkbuf_leaf_9_clk_i/A (BUFx4_ASAP7_75t_R)
                  6.58   21.47 1552.08 ^ clkbuf_leaf_9_clk_i/Y (BUFx4_ASAP7_75t_R)
     1    0.47                           clknet_leaf_9_clk_i (net)
                  6.58    0.02 1552.10 ^ clkbuf_level_0_1_1036_clk_i/A (BUFx4_ASAP7_75t_R)
                  6.41   16.25 1568.34 ^ clkbuf_level_0_1_1036_clk_i/Y (BUFx4_ASAP7_75t_R)
     1    0.54                           clknet_level_0_1_1036_clk_i (net)
                  6.41    0.06 1568.40 ^ clkbuf_level_1_1_1037_clk_i/A (BUFx4_ASAP7_75t_R)
                  6.45   16.23 1584.63 ^ clkbuf_level_1_1_1037_clk_i/Y (BUFx4_ASAP7_75t_R)
     1    0.58                           clknet_level_1_1_1037_clk_i (net)
                  6.46    0.05 1584.68 ^ clkbuf_level_2_1_1038_clk_i/A (BUFx4_ASAP7_75t_R)
                  6.51   16.27 1600.95 ^ clkbuf_level_2_1_1038_clk_i/Y (BUFx4_ASAP7_75t_R)
     1    0.61                           clknet_level_2_1_1038_clk_i (net)
                  6.51    0.06 1601.01 ^ clkbuf_level_3_1_1039_clk_i/A (BUFx4_ASAP7_75t_R)
                 29.97   26.74 1627.75 ^ clkbuf_level_3_1_1039_clk_i/Y (BUFx4_ASAP7_75t_R)
    30   15.08                           clknet_level_3_1_1039_clk_i (net)
                 29.99    0.50 1628.25 ^ _32016_/CLK (DFFASRHQNx1_ASAP7_75t_R)
                          0.12 1628.38   clock reconvergence pessimism
                          2.48 1630.85   library setup time
                               1630.85   data required time
-----------------------------------------------------------------------------
                               1630.85   data required time
                               -1736.58   data arrival time
-----------------------------------------------------------------------------
                               -105.72   slack (VIOLATED)



==========================================================================
finish report_checks -unconstrained
--------------------------------------------------------------------------
Startpoint: rst_ni (input port clocked by core_clock)
Endpoint: _32272_ (recovery check against rising-edge clock core_clock)
Path Group: asynchronous
Path Type: max

Fanout     Cap    Slew   Delay    Time   Description
-----------------------------------------------------------------------------
                          0.00    0.00   clock core_clock (rise edge)
                          0.00    0.00   clock network delay (propagated)
                        295.00  295.00 ^ input external delay
                  0.00    0.00  295.00 ^ rst_ni (in)
     1    2.91                           rst_ni (net)
                  1.01    0.32  295.32 ^ input148/A (BUFx16f_ASAP7_75t_R)
                 23.12   13.46  308.78 ^ input148/Y (BUFx16f_ASAP7_75t_R)
    44   62.99                           net148 (net)
                 56.25   14.92  323.70 ^ load_slew364/A (BUFx16f_ASAP7_75t_R)
                 37.03   26.71  350.41 ^ load_slew364/Y (BUFx16f_ASAP7_75t_R)
    65   91.82                           net364 (net)
                125.14   38.46  388.87 ^ wire357/A (BUFx24_ASAP7_75t_R)
                 25.92   41.93  430.80 ^ wire357/Y (BUFx24_ASAP7_75t_R)
    76  106.32                           net357 (net)
                 58.60   13.51  444.31 ^ load_slew353/A (BUFx24_ASAP7_75t_R)
                 26.29   31.73  476.03 ^ load_slew353/Y (BUFx24_ASAP7_75t_R)
    78  106.82                           net353 (net)
                 93.56   25.73  501.76 ^ load_slew352/A (BUFx16f_ASAP7_75t_R)
                 17.91   31.16  532.92 ^ load_slew352/Y (BUFx16f_ASAP7_75t_R)
    70   95.65                           net352 (net)
                168.13   51.58  584.50 ^ load_slew349/A (BUFx24_ASAP7_75t_R)
                 21.89   44.68  629.18 ^ load_slew349/Y (BUFx24_ASAP7_75t_R)
    85  110.77                           net349 (net)
                 80.00   20.33  649.51 ^ load_slew347/A (BUFx16f_ASAP7_75t_R)
                 34.02   29.94  679.45 ^ load_slew347/Y (BUFx16f_ASAP7_75t_R)
    79  102.90                           net347 (net)
                178.93   56.28  735.73 ^ _32272_/SETN (DFFASRHQNx1_ASAP7_75t_R)
                                735.73   data arrival time

                       1475.00 1475.00   clock core_clock (rise edge)
                          0.00 1475.00   clock source latency
                  0.00    0.00 1475.00 ^ clk_i (in)
     1    3.74                           clk_i (net)
                  2.98    0.94 1475.94 ^ clkbuf_0_clk_i/A (BUFx4_ASAP7_75t_R)
                 20.57   21.85 1497.79 ^ clkbuf_0_clk_i/Y (BUFx4_ASAP7_75t_R)
     4    9.20                           clknet_0_clk_i (net)
                 21.11    1.82 1499.60 ^ clkbuf_2_2__f_clk_i/A (BUFx4_ASAP7_75t_R)
                 23.81   29.38 1528.99 ^ clkbuf_2_2__f_clk_i/Y (BUFx4_ASAP7_75t_R)
     9   11.63                           clknet_2_2__leaf_clk_i (net)
                 24.18    1.63 1530.61 ^ clkbuf_leaf_9_clk_i/A (BUFx4_ASAP7_75t_R)
                  6.58   21.47 1552.08 ^ clkbuf_leaf_9_clk_i/Y (BUFx4_ASAP7_75t_R)
     1    0.47                           clknet_leaf_9_clk_i (net)
                  6.58    0.02 1552.10 ^ clkbuf_level_0_1_1036_clk_i/A (BUFx4_ASAP7_75t_R)
                  6.41   16.25 1568.34 ^ clkbuf_level_0_1_1036_clk_i/Y (BUFx4_ASAP7_75t_R)
     1    0.54                           clknet_level_0_1_1036_clk_i (net)
                  6.41    0.06 1568.40 ^ clkbuf_level_1_1_1037_clk_i/A (BUFx4_ASAP7_75t_R)
                  6.45   16.23 1584.63 ^ clkbuf_level_1_1_1037_clk_i/Y (BUFx4_ASAP7_75t_R)
     1    0.58                           clknet_level_1_1_1037_clk_i (net)
                  6.46    0.05 1584.68 ^ clkbuf_level_2_1_1038_clk_i/A (BUFx4_ASAP7_75t_R)
                  6.51   16.27 1600.95 ^ clkbuf_level_2_1_1038_clk_i/Y (BUFx4_ASAP7_75t_R)
     1    0.61                           clknet_level_2_1_1038_clk_i (net)
                  6.51    0.06 1601.01 ^ clkbuf_level_3_1_1039_clk_i/A (BUFx4_ASAP7_75t_R)
                 29.97   26.74 1627.75 ^ clkbuf_level_3_1_1039_clk_i/Y (BUFx4_ASAP7_75t_R)
    30   15.08                           clknet_level_3_1_1039_clk_i (net)
                 30.03    0.82 1628.57 ^ _32272_/CLK (DFFASRHQNx1_ASAP7_75t_R)
                          0.00 1628.57   clock reconvergence pessimism
                         -8.72 1619.85   library recovery time
                               1619.85   data required time
-----------------------------------------------------------------------------
                               1619.85   data required time
                               -735.73   data arrival time
-----------------------------------------------------------------------------
                                884.12   slack (MET)


Startpoint: _32762_ (negative level-sensitive latch clocked by core_clock)
Endpoint: _21084_ (rising clock gating-check end-point clocked by core_clock)
Path Group: gated clock
Path Type: max

Fanout     Cap    Slew   Delay    Time   Description
-----------------------------------------------------------------------------
                        737.50  737.50   clock core_clock (fall edge)
                          0.00  737.50   clock source latency
                  0.00    0.00  737.50 v clk_i (in)
     1    3.88                           clk_i (net)
                  3.17    1.00  738.50 v clkbuf_0_clk_i/A (BUFx4_ASAP7_75t_R)
                 18.91   22.63  761.13 v clkbuf_0_clk_i/Y (BUFx4_ASAP7_75t_R)
     4    9.75                           clknet_0_clk_i (net)
                 19.34    1.59  762.72 v clkbuf_2_3__f_clk_i/A (BUFx4_ASAP7_75t_R)
                 19.59   28.34  791.06 v clkbuf_2_3__f_clk_i/Y (BUFx4_ASAP7_75t_R)
     7   10.65                           clknet_2_3__leaf_clk_i (net)
                 20.07    1.69  792.75 v clkbuf_leaf_18_clk_i/A (BUFx4_ASAP7_75t_R)
                 10.76   24.35  817.10 v clkbuf_leaf_18_clk_i/Y (BUFx4_ASAP7_75t_R)
     2    3.87                           clknet_leaf_18_clk_i (net)
                 10.76    0.10  817.20 v clkbuf_level_0_1_1972_clk_i/A (BUFx4_ASAP7_75t_R)
                  6.53   18.64  835.84 v clkbuf_level_0_1_1972_clk_i/Y (BUFx4_ASAP7_75t_R)
     1    0.74                           clknet_level_0_1_1972_clk_i (net)
                  6.53    0.05  835.89 v clkbuf_level_1_1_1973_clk_i/A (BUFx4_ASAP7_75t_R)
                  6.38   17.25  853.14 v clkbuf_level_1_1_1973_clk_i/Y (BUFx4_ASAP7_75t_R)
     1    0.62                           clknet_level_1_1_1973_clk_i (net)
                  6.38    0.03  853.18 v clkbuf_level_2_1_1974_clk_i/A (BUFx4_ASAP7_75t_R)
                  6.46   17.27  870.44 v clkbuf_level_2_1_1974_clk_i/Y (BUFx4_ASAP7_75t_R)
     1    0.68                           clknet_level_2_1_1974_clk_i (net)
                  6.46    0.03  870.47 v clkbuf_level_3_1_1975_clk_i/A (BUFx4_ASAP7_75t_R)
                 35.16   30.33  900.80 v clkbuf_level_3_1_1975_clk_i/Y (BUFx4_ASAP7_75t_R)
    29   24.33                           clknet_level_3_1_1975_clk_i (net)
                 35.45    1.91  902.71 v _32762_/CLK (DLLx1_ASAP7_75t_R)
                  7.25   36.47  939.18 v _32762_/Q (DLLx1_ASAP7_75t_R)
     1    0.79                           core_clock_gate_i.en_latch (net)
                  7.25    0.06  939.23 v _21084_/B (AND2x2_ASAP7_75t_R)
                                939.23   data arrival time

                       1475.00 1475.00   clock core_clock (rise edge)
                          0.00 1475.00   clock source latency
                  0.00    0.00 1475.00 ^ clk_i (in)
     1    3.74                           clk_i (net)
                  2.98    0.94 1475.94 ^ clkbuf_0_clk_i/A (BUFx4_ASAP7_75t_R)
                 20.57   21.85 1497.79 ^ clkbuf_0_clk_i/Y (BUFx4_ASAP7_75t_R)
     4    9.20                           clknet_0_clk_i (net)
                 20.98    1.60 1499.39 ^ clkbuf_2_3__f_clk_i/A (BUFx4_ASAP7_75t_R)
                 21.40   27.80 1527.18 ^ clkbuf_2_3__f_clk_i/Y (BUFx4_ASAP7_75t_R)
     7    9.69                           clknet_2_3__leaf_clk_i (net)
                 21.84    1.70 1528.88 ^ clkbuf_leaf_18_clk_i/A (BUFx4_ASAP7_75t_R)
                 11.38   23.53 1552.41 ^ clkbuf_leaf_18_clk_i/Y (BUFx4_ASAP7_75t_R)
     2    3.63                           clknet_leaf_18_clk_i (net)
                 11.76    1.09 1553.50 ^ _21084_/A (AND2x2_ASAP7_75t_R)
                          0.12 1553.62   clock reconvergence pessimism
                          0.00 1553.62   clock gating setup time
                               1553.62   data required time
-----------------------------------------------------------------------------
                               1553.62   data required time
                               -939.23   data arrival time
-----------------------------------------------------------------------------
                                614.39   slack (MET)


Startpoint: _32888_ (rising edge-triggered flip-flop clocked by core_clock)
Endpoint: _32016_ (rising edge-triggered flip-flop clocked by core_clock)
Path Group: core_clock
Path Type: max

Fanout     Cap    Slew   Delay    Time   Description
-----------------------------------------------------------------------------
                          0.00    0.00   clock core_clock (rise edge)
                          0.00    0.00   clock source latency
                  0.00    0.00    0.00 ^ clk_i (in)
     1    3.88                           clk_i (net)
                  3.17    1.00    1.00 ^ clkbuf_0_clk_i/A (BUFx4_ASAP7_75t_R)
                 20.57   21.91   22.91 ^ clkbuf_0_clk_i/Y (BUFx4_ASAP7_75t_R)
     4    9.75                           clknet_0_clk_i (net)
                 20.98    1.60   24.51 ^ clkbuf_2_3__f_clk_i/A (BUFx4_ASAP7_75t_R)
                 21.40   27.80   52.30 ^ clkbuf_2_3__f_clk_i/Y (BUFx4_ASAP7_75t_R)
     7   10.65                           clknet_2_3__leaf_clk_i (net)
                 21.84    1.70   54.00 ^ clkbuf_leaf_18_clk_i/A (BUFx4_ASAP7_75t_R)
                 11.38   23.53   77.53 ^ clkbuf_leaf_18_clk_i/Y (BUFx4_ASAP7_75t_R)
     2    3.88                           clknet_leaf_18_clk_i (net)
                 11.76    1.09   78.62 ^ _21084_/A (AND2x2_ASAP7_75t_R)
                 18.43   22.16  100.78 ^ _21084_/Y (AND2x2_ASAP7_75t_R)
     1    3.93                           core_clock_gate_i.clk_o (net)
                 18.74    1.32  102.10 ^ clkbuf_0_core_clock_gate_i.clk_o/A (BUFx4_ASAP7_75t_R)
                 23.48   28.23  130.33 ^ clkbuf_0_core_clock_gate_i.clk_o/Y (BUFx4_ASAP7_75t_R)
     4   11.74                           clknet_0_core_clock_gate_i.clk_o (net)
                 24.09    2.05  132.38 ^ clkbuf_2_2__f_core_clock_gate_i.clk_o/A (BUFx4_ASAP7_75t_R)
                 22.94   29.30  161.68 ^ clkbuf_2_2__f_core_clock_gate_i.clk_o/Y (BUFx4_ASAP7_75t_R)
     8   11.74                           clknet_2_2__leaf_core_clock_gate_i.clk_o (net)
                 22.98    0.56  162.25 ^ clkbuf_leaf_4_core_clock_gate_i.clk_o/A (BUFx4_ASAP7_75t_R)
                 34.79   34.12  196.37 ^ clkbuf_leaf_4_core_clock_gate_i.clk_o/Y (BUFx4_ASAP7_75t_R)
    30   21.59                           clknet_leaf_4_core_clock_gate_i.clk_o (net)
                 35.17    2.06  198.43 ^ _32888_/CLK (DFFHQNx1_ASAP7_75t_R)
                 43.37   58.98  257.40 v _32888_/QN (DFFHQNx1_ASAP7_75t_R)
     5    8.05                           _00290_ (net)
                 43.46    1.13  258.53 v load_slew332/A (BUFx12f_ASAP7_75t_R)
                 15.13   23.13  281.66 v load_slew332/Y (BUFx12f_ASAP7_75t_R)
     8   22.69                           net332 (net)
                 20.35    4.55  286.22 v _16979_/A (AND2x6_ASAP7_75t_R)
                 54.88   38.81  325.03 v _16979_/Y (AND2x6_ASAP7_75t_R)
   132  123.17                           _12024_ (net)
                494.13  155.12  480.14 v _17829_/B1 (AO22x1_ASAP7_75t_R)
                 16.34   77.23  557.37 v _17829_/Y (AO22x1_ASAP7_75t_R)
     1    0.72                           _12818_ (net)
                 16.34    0.05  557.42 v _17831_/A1 (OA21x2_ASAP7_75t_R)
                  7.70   18.13  575.55 v _17831_/Y (OA21x2_ASAP7_75t_R)
     1    0.84                           _12820_ (net)
                  7.70    0.07  575.62 v _17836_/B (OR3x1_ASAP7_75t_R)
                 11.60   24.16  599.78 v _17836_/Y (OR3x1_ASAP7_75t_R)
     1    1.06                           _12825_ (net)
                 11.61    0.15  599.93 v _17837_/B (AO21x1_ASAP7_75t_R)
                 11.57   17.89  617.82 v _17837_/Y (AO21x1_ASAP7_75t_R)
     1    1.75                           _12826_ (net)
                 11.58    0.15  617.97 v _17838_/B (OAI21x1_ASAP7_75t_R)
                 51.41   15.18  633.15 ^ _17838_/Y (OAI21x1_ASAP7_75t_R)
     4    8.47                           _12827_ (net)
                 51.71    2.17  635.32 ^ _19823_/B (AND2x2_ASAP7_75t_R)
                  8.39   25.67  660.99 ^ _19823_/Y (AND2x2_ASAP7_75t_R)
     1    0.81                           _14646_ (net)
                  8.39    0.08  661.07 ^ _19824_/B (AO21x2_ASAP7_75t_R)
                 60.20   27.44  688.51 ^ _19824_/Y (AO21x2_ASAP7_75t_R)
    17   21.26                           _14647_ (net)
                 65.96    9.80  698.30 ^ _21136_/A (NAND2x1_ASAP7_75t_R)
                 27.81   17.48  715.78 v _21136_/Y (NAND2x1_ASAP7_75t_R)
     1    2.25                           _14861_ (net)
                 27.81    0.12  715.90 v _30325_/B (FAx1_ASAP7_75t_R)
                 48.18   54.18  770.08 v _30325_/SN (FAx1_ASAP7_75t_R)
     1    2.24                           _14865_ (net)
                 48.18    0.12  770.20 v _30326_/B (FAx1_ASAP7_75t_R)
                 34.61   28.80  799.00 ^ _30326_/CON (FAx1_ASAP7_75t_R)
     1    0.80                           _01391_ (net)
                 26.55   15.45  814.45 v _30326_/SN (FAx1_ASAP7_75t_R)
     1    0.96                           _01379_ (net)
                 26.56    0.10  814.55 v _21370_/A (INVx1_ASAP7_75t_R)
                 13.18   11.09  825.64 ^ _21370_/Y (INVx1_ASAP7_75t_R)
     1    1.17                           _14868_ (net)
                 13.18    0.10  825.73 ^ _30719_/A (HAxp5_ASAP7_75t_R)
                 19.69   22.94  848.67 ^ _30719_/SN (HAxp5_ASAP7_75t_R)
     1    1.04                           _01380_ (net)
                 19.70    0.09  848.77 ^ _29926_/A (INVx1_ASAP7_75t_R)
                 10.62    8.90  857.66 v _29926_/Y (INVx1_ASAP7_75t_R)
     1    1.26                           _15943_ (net)
                 10.63    0.11  857.77 v _30720_/A (HAxp5_ASAP7_75t_R)
                 17.18   23.69  881.46 v _30720_/SN (HAxp5_ASAP7_75t_R)
     1    0.85                           _01381_ (net)
                 17.18    0.06  881.53 v _29972_/A (INVx1_ASAP7_75t_R)
                 13.11   10.68  892.21 ^ _29972_/Y (INVx1_ASAP7_75t_R)
     1    1.75                           _14871_ (net)
                 13.11    0.11  892.31 ^ _30327_/CI (FAx1_ASAP7_75t_R)
                 21.22   32.03  924.34 v _30327_/SN (FAx1_ASAP7_75t_R)
     1    0.85                           _01382_ (net)
                 21.22    0.08  924.42 v _21371_/A (INVx1_ASAP7_75t_R)
                 16.42   12.99  937.41 ^ _21371_/Y (INVx1_ASAP7_75t_R)
     1    2.06                           _14873_ (net)
                 16.42    0.12  937.53 ^ _30328_/A (FAx1_ASAP7_75t_R)
                 23.84   17.52  955.05 v _30328_/CON (FAx1_ASAP7_75t_R)
     1    1.49                           _01397_ (net)
                 28.78   15.24  970.29 ^ _30328_/SN (FAx1_ASAP7_75t_R)
     1    0.86                           _01384_ (net)
                 28.78    0.09  970.38 ^ _30289_/A (INVx1_ASAP7_75t_R)
                 11.74    9.62  980.00 v _30289_/Y (INVx1_ASAP7_75t_R)
     1    1.16                           _14876_ (net)
                 11.74    0.09  980.09 v _30721_/A (HAxp5_ASAP7_75t_R)
                 46.07   42.46 1022.55 v _30721_/SN (HAxp5_ASAP7_75t_R)
     2    2.45                           _01385_ (net)
                 46.07    0.15 1022.71 v _20087_/A1 (OA21x2_ASAP7_75t_R)
                  7.95   23.87 1046.57 v _20087_/Y (OA21x2_ASAP7_75t_R)
     2    1.52                           _14745_ (net)
                  7.95    0.09 1046.67 v _20088_/A2 (OA21x2_ASAP7_75t_R)
                  5.86   16.13 1062.80 v _20088_/Y (OA21x2_ASAP7_75t_R)
     1    0.78                           _14746_ (net)
                  5.86    0.04 1062.84 v _20089_/A2 (OA21x2_ASAP7_75t_R)
                  7.98   16.48 1079.32 v _20089_/Y (OA21x2_ASAP7_75t_R)
     2    1.51                           _14747_ (net)
                  7.98    0.08 1079.41 v _20090_/A2 (OA21x2_ASAP7_75t_R)
                  6.62   16.68 1096.09 v _20090_/Y (OA21x2_ASAP7_75t_R)
     1    1.11                           _14748_ (net)
                  6.64    0.17 1096.26 v _20091_/A2 (OA21x2_ASAP7_75t_R)
                  9.56   17.51 1113.77 v _20091_/Y (OA21x2_ASAP7_75t_R)
     2    1.90                           _14749_ (net)
                  9.60    0.32 1114.09 v _20092_/C (OR3x1_ASAP7_75t_R)
                 10.14   23.70 1137.79 v _20092_/Y (OR3x1_ASAP7_75t_R)
     1    0.68                           _14750_ (net)
                 10.14    0.07 1137.86 v _20093_/C (OA211x2_ASAP7_75t_R)
                 11.55   28.88 1166.74 v _20093_/Y (OA211x2_ASAP7_75t_R)
     2    1.87                           _14751_ (net)
                 11.58    0.32 1167.06 v _20094_/C (OR3x1_ASAP7_75t_R)
                  9.37   23.78 1190.85 v _20094_/Y (OR3x1_ASAP7_75t_R)
     1    0.60                           _14752_ (net)
                  9.37    0.06 1190.91 v _20095_/C (OA211x2_ASAP7_75t_R)
                 10.16   27.77 1218.68 v _20095_/Y (OA211x2_ASAP7_75t_R)
     2    1.40                           _14753_ (net)
                 10.16    0.08 1218.76 v _20096_/C (OR3x1_ASAP7_75t_R)
                  9.68   23.52 1242.28 v _20096_/Y (OR3x1_ASAP7_75t_R)
     1    0.60                           _14754_ (net)
                  9.68    0.05 1242.33 v _20097_/C (OA211x2_ASAP7_75t_R)
                 12.78   29.73 1272.05 v _20097_/Y (OA211x2_ASAP7_75t_R)
     2    2.51                           _14755_ (net)
                 12.78    0.18 1272.23 v _20099_/C (OR3x1_ASAP7_75t_R)
                  9.30   23.75 1295.98 v _20099_/Y (OR3x1_ASAP7_75t_R)
     1    0.53                           _14756_ (net)
                  9.30    0.04 1296.01 v _20100_/C (OA211x2_ASAP7_75t_R)
                 11.42   28.59 1324.61 v _20100_/Y (OA211x2_ASAP7_75t_R)
     2    1.85                           _14757_ (net)
                 11.45    0.28 1324.89 v _20101_/C (OR3x1_ASAP7_75t_R)
                  9.17   23.35 1348.24 v _20101_/Y (OR3x1_ASAP7_75t_R)
     1    0.49                           _14758_ (net)
                  9.17    0.03 1348.27 v _20102_/C (OA211x2_ASAP7_75t_R)
                 10.68   28.06 1376.33 v _20102_/Y (OA211x2_ASAP7_75t_R)
     2    1.59                           _14759_ (net)
                 10.69    0.17 1376.50 v _20103_/C (OR3x1_ASAP7_75t_R)
                  9.15   23.21 1399.71 v _20103_/Y (OR3x1_ASAP7_75t_R)
     1    0.50                           _14760_ (net)
                  9.15    0.03 1399.74 v _20104_/C (OA211x2_ASAP7_75t_R)
                 10.48   27.93 1427.67 v _20104_/Y (OA211x2_ASAP7_75t_R)
     2    1.52                           _14761_ (net)
                 10.48    0.13 1427.80 v _20105_/C (OR3x1_ASAP7_75t_R)
                 11.66   25.00 1452.80 v _20105_/Y (OR3x1_ASAP7_75t_R)
     1    1.14                           _14762_ (net)
                 11.66    0.09 1452.89 v _20107_/A (NAND2x1_ASAP7_75t_R)
                 20.35   15.29 1468.18 ^ _20107_/Y (NAND2x1_ASAP7_75t_R)
     2    2.53                           _15605_ (net)
                 20.36    0.21 1468.39 ^ _20110_/A1 (AO21x1_ASAP7_75t_R)
                 16.38   18.87 1487.25 ^ _20110_/Y (AO21x1_ASAP7_75t_R)
     2    2.59                           _15671_ (net)
                 16.40    0.31 1487.56 ^ _20113_/A1 (AO21x1_ASAP7_75t_R)
                 16.54   18.45 1506.01 ^ _20113_/Y (AO21x1_ASAP7_75t_R)
     2    2.79                           _15729_ (net)
                 16.54    0.18 1506.19 ^ _20115_/A (NAND2x1_ASAP7_75t_R)
                 13.53   11.02 1517.21 v _20115_/Y (NAND2x1_ASAP7_75t_R)
     2    2.17                           _14769_ (net)
                 13.53    0.17 1517.38 v _21468_/A (NAND2x1_ASAP7_75t_R)
                 16.58   14.11 1531.49 ^ _21468_/Y (NAND2x1_ASAP7_75t_R)
     1    1.80                           _15781_ (net)
                 16.58    0.19 1531.67 ^ _30635_/CI (FAx1_ASAP7_75t_R)
                 33.02   18.34 1550.01 v _30635_/CON (FAx1_ASAP7_75t_R)
     1    1.63                           _02254_ (net)
                 33.02    0.06 1550.07 v _23186_/B (XOR2x1_ASAP7_75t_R)
                 22.43   29.20 1579.27 v _23186_/Y (XOR2x1_ASAP7_75t_R)
     1    2.15                           _06968_ (net)
                 22.46    0.42 1579.69 v _23188_/A2 (AO21x1_ASAP7_75t_R)
                 11.54   19.68 1599.37 v _23188_/Y (AO21x1_ASAP7_75t_R)
     1    1.57                           _06970_ (net)
                 11.57    0.30 1599.67 v _23189_/B (AND2x2_ASAP7_75t_R)
                 20.78   22.52 1622.19 v _23189_/Y (AND2x2_ASAP7_75t_R)
     2    4.98                           _06971_ (net)
                 21.00    1.18 1623.38 v _23201_/B1 (AO221x2_ASAP7_75t_R)
                 22.56   33.16 1656.53 v _23201_/Y (AO221x2_ASAP7_75t_R)
     1    4.97                           _06983_ (net)
                 22.82    1.38 1657.91 v _23206_/A2 (AO21x2_ASAP7_75t_R)
                 26.18   29.65 1687.57 v _23206_/Y (AO21x2_ASAP7_75t_R)
     6    8.58                           _06988_ (net)
                 26.20    0.39 1687.96 v split90/A (BUFx6f_ASAP7_75t_R)
                 16.35   18.92 1706.88 v split90/Y (BUFx6f_ASAP7_75t_R)
    15   14.73                           net2118 (net)
                 30.60    8.47 1715.35 v _26236_/A1 (AO21x1_ASAP7_75t_R)
                  8.19   21.15 1736.49 v _26236_/Y (AO21x1_ASAP7_75t_R)
     1    0.90                           _03629_ (net)
                  8.20    0.09 1736.58 v _32016_/D (DFFASRHQNx1_ASAP7_75t_R)
                               1736.58   data arrival time

                       1475.00 1475.00   clock core_clock (rise edge)
                          0.00 1475.00   clock source latency
                  0.00    0.00 1475.00 ^ clk_i (in)
     1    3.74                           clk_i (net)
                  2.98    0.94 1475.94 ^ clkbuf_0_clk_i/A (BUFx4_ASAP7_75t_R)
                 20.57   21.85 1497.79 ^ clkbuf_0_clk_i/Y (BUFx4_ASAP7_75t_R)
     4    9.20                           clknet_0_clk_i (net)
                 21.11    1.82 1499.60 ^ clkbuf_2_2__f_clk_i/A (BUFx4_ASAP7_75t_R)
                 23.81   29.38 1528.99 ^ clkbuf_2_2__f_clk_i/Y (BUFx4_ASAP7_75t_R)
     9   11.63                           clknet_2_2__leaf_clk_i (net)
                 24.18    1.63 1530.61 ^ clkbuf_leaf_9_clk_i/A (BUFx4_ASAP7_75t_R)
                  6.58   21.47 1552.08 ^ clkbuf_leaf_9_clk_i/Y (BUFx4_ASAP7_75t_R)
     1    0.47                           clknet_leaf_9_clk_i (net)
                  6.58    0.02 1552.10 ^ clkbuf_level_0_1_1036_clk_i/A (BUFx4_ASAP7_75t_R)
                  6.41   16.25 1568.34 ^ clkbuf_level_0_1_1036_clk_i/Y (BUFx4_ASAP7_75t_R)
     1    0.54                           clknet_level_0_1_1036_clk_i (net)
                  6.41    0.06 1568.40 ^ clkbuf_level_1_1_1037_clk_i/A (BUFx4_ASAP7_75t_R)
                  6.45   16.23 1584.63 ^ clkbuf_level_1_1_1037_clk_i/Y (BUFx4_ASAP7_75t_R)
     1    0.58                           clknet_level_1_1_1037_clk_i (net)
                  6.46    0.05 1584.68 ^ clkbuf_level_2_1_1038_clk_i/A (BUFx4_ASAP7_75t_R)
                  6.51   16.27 1600.95 ^ clkbuf_level_2_1_1038_clk_i/Y (BUFx4_ASAP7_75t_R)
     1    0.61                           clknet_level_2_1_1038_clk_i (net)
                  6.51    0.06 1601.01 ^ clkbuf_level_3_1_1039_clk_i/A (BUFx4_ASAP7_75t_R)
                 29.97   26.74 1627.75 ^ clkbuf_level_3_1_1039_clk_i/Y (BUFx4_ASAP7_75t_R)
    30   15.08                           clknet_level_3_1_1039_clk_i (net)
                 29.99    0.50 1628.25 ^ _32016_/CLK (DFFASRHQNx1_ASAP7_75t_R)
                          0.12 1628.38   clock reconvergence pessimism
                          2.48 1630.85   library setup time
                               1630.85   data required time
-----------------------------------------------------------------------------
                               1630.85   data required time
                               -1736.58   data arrival time
-----------------------------------------------------------------------------
                               -105.72   slack (VIOLATED)



==========================================================================
finish report_check_types -max_slew -max_cap -max_fanout -violators
--------------------------------------------------------------------------
max slew

Pin                                    Limit    Slew   Slack
------------------------------------------------------------
_18368_/C1                            320.00  570.69 -250.69 (VIOLATED)
_18365_/B1                            320.00  570.63 -250.63 (VIOLATED)
_17617_/B1                            320.00  570.35 -250.35 (VIOLATED)
_17620_/B1                            320.00  570.31 -250.31 (VIOLATED)
_18566_/B1                            320.00  570.12 -250.12 (VIOLATED)
_17635_/B1                            320.00  570.11 -250.11 (VIOLATED)
_18381_/B1                            320.00  569.99 -249.99 (VIOLATED)
_18362_/B1                            320.00  569.92 -249.92 (VIOLATED)
_18376_/B1                            320.00  569.84 -249.84 (VIOLATED)
_18374_/B1                            320.00  569.54 -249.54 (VIOLATED)
_18984_/B1                            320.00  568.52 -248.52 (VIOLATED)
_18986_/B1                            320.00  567.73 -247.73 (VIOLATED)
_18379_/B1                            320.00  566.51 -246.51 (VIOLATED)
_18990_/B1                            320.00  566.14 -246.14 (VIOLATED)
_18992_/B1                            320.00  565.31 -245.31 (VIOLATED)
_18847_/B1                            320.00  564.20 -244.20 (VIOLATED)
_18837_/B1                            320.00  564.14 -244.14 (VIOLATED)
_17216_/B1                            320.00  564.07 -244.07 (VIOLATED)
_17222_/B1                            320.00  563.71 -243.71 (VIOLATED)
_18056_/B1                            320.00  563.70 -243.70 (VIOLATED)
_18309_/B1                            320.00  563.42 -243.42 (VIOLATED)
_18047_/B1                            320.00  563.04 -243.04 (VIOLATED)
_18307_/B1                            320.00  562.76 -242.76 (VIOLATED)
_18632_/B1                            320.00  562.60 -242.60 (VIOLATED)
_18634_/B1                            320.00  561.51 -241.51 (VIOLATED)
_18627_/B1                            320.00  556.58 -236.58 (VIOLATED)
_18053_/A2                            320.00  556.47 -236.47 (VIOLATED)
_18050_/A2                            320.00  556.43 -236.43 (VIOLATED)
_18629_/B1                            320.00  556.34 -236.34 (VIOLATED)
_18648_/B1                            320.00  551.50 -231.50 (VIOLATED)
_18862_/B1                            320.00  548.98 -228.98 (VIOLATED)
_17252_/B1                            320.00  548.81 -228.81 (VIOLATED)
_18318_/B1                            320.00  548.59 -228.59 (VIOLATED)
_18070_/B1                            320.00  547.91 -227.91 (VIOLATED)
_17931_/B1                            320.00  528.91 -208.91 (VIOLATED)
_17929_/B1                            320.00  524.24 -204.24 (VIOLATED)
_17924_/B1                            320.00  520.21 -200.21 (VIOLATED)
_17926_/B1                            320.00  514.64 -194.64 (VIOLATED)
_17829_/B1                            320.00  514.40 -194.40 (VIOLATED)
_19249_/B1                            320.00  514.25 -194.25 (VIOLATED)
_19246_/B1                            320.00  514.24 -194.24 (VIOLATED)
_17820_/B1                            320.00  513.70 -193.70 (VIOLATED)
_17818_/B1                            320.00  512.90 -192.90 (VIOLATED)
_18581_/B1                            320.00  512.53 -192.53 (VIOLATED)
_18576_/B                             320.00  512.39 -192.39 (VIOLATED)
_18583_/C                             320.00  512.39 -192.39 (VIOLATED)
_18713_/B1                            320.00  511.98 -191.98 (VIOLATED)
_18716_/B1                            320.00  510.89 -190.89 (VIOLATED)
_18710_/B1                            320.00  510.60 -190.60 (VIOLATED)
_18708_/B1                            320.00  510.57 -190.57 (VIOLATED)
_17909_/B1                            320.00  508.28 -188.28 (VIOLATED)
_17912_/B1                            320.00  506.98 -186.98 (VIOLATED)
_17902_/B1                            320.00  506.27 -186.27 (VIOLATED)
_19141_/B1                            320.00  506.15 -186.15 (VIOLATED)
_26580_/B                             320.00  505.84 -185.84 (VIOLATED)
_26581_/A2                            320.00  505.83 -185.83 (VIOLATED)
_26592_/B                             320.00  505.66 -185.66 (VIOLATED)
_26593_/A2                            320.00  505.65 -185.65 (VIOLATED)
_19366_/B1                            320.00  505.43 -185.43 (VIOLATED)
_26529_/A2                            320.00  505.34 -185.34 (VIOLATED)
_19376_/B1                            320.00  505.24 -185.24 (VIOLATED)
_19364_/B1                            320.00  505.21 -185.21 (VIOLATED)
_26528_/B                             320.00  505.06 -185.06 (VIOLATED)
_19371_/B1                            320.00  505.03 -185.03 (VIOLATED)
_19372_/A2                            320.00  504.66 -184.66 (VIOLATED)
_26588_/B                             320.00  504.61 -184.61 (VIOLATED)
_26589_/A2                            320.00  504.53 -184.53 (VIOLATED)
_26526_/B                             320.00  504.22 -184.22 (VIOLATED)
_17905_/B1                            320.00  503.74 -183.74 (VIOLATED)
_26527_/A2                            320.00  503.10 -183.10 (VIOLATED)
_26576_/B                             320.00  498.23 -178.23 (VIOLATED)
_26572_/B                             320.00  498.11 -178.11 (VIOLATED)
_26573_/A2                            320.00  498.09 -178.09 (VIOLATED)
_26536_/B                             320.00  498.07 -178.07 (VIOLATED)
_26546_/A2                            320.00  497.99 -177.99 (VIOLATED)
_26545_/B                             320.00  497.90 -177.90 (VIOLATED)
_26562_/B                             320.00  497.73 -177.73 (VIOLATED)
_26563_/A2                            320.00  497.63 -177.63 (VIOLATED)
_26577_/A2                            320.00  497.44 -177.44 (VIOLATED)
_19138_/B1                            320.00  495.46 -175.46 (VIOLATED)
_26537_/A2                            320.00  492.01 -172.01 (VIOLATED)
_17629_/A2                            320.00  486.81 -166.81 (VIOLATED)
_17625_/A2                            320.00  486.68 -166.68 (VIOLATED)
_19193_/B1                            320.00  486.26 -166.26 (VIOLATED)
_19133_/B1                            320.00  486.19 -166.19 (VIOLATED)
_19201_/B1                            320.00  486.01 -166.01 (VIOLATED)
_19185_/B1                            320.00  485.58 -165.58 (VIOLATED)
_19188_/B1                            320.00  485.29 -165.29 (VIOLATED)
_19183_/B1                            320.00  484.81 -164.81 (VIOLATED)
_19135_/B1                            320.00  483.70 -163.70 (VIOLATED)
_17983_/B1                            320.00  483.24 -163.24 (VIOLATED)
_17986_/B1                            320.00  482.33 -162.33 (VIOLATED)
_17980_/B1                            320.00  481.57 -161.57 (VIOLATED)
_17978_/B1                            320.00  481.34 -161.34 (VIOLATED)
_17973_/A2                            320.00  481.08 -161.08 (VIOLATED)
_26561_/A2                            320.00  479.86 -159.86 (VIOLATED)
_17967_/B                             320.00  479.76 -159.76 (VIOLATED)
_26554_/B                             320.00  470.59 -150.59 (VIOLATED)
_26555_/A2                            320.00  470.07 -150.07 (VIOLATED)
_18845_/A1                            320.00  469.34 -149.34 (VIOLATED)
_17230_/C                             320.00  469.14 -149.14 (VIOLATED)
_18306_/A1                            320.00  468.83 -148.83 (VIOLATED)
_18628_/B                             320.00  468.42 -148.42 (VIOLATED)
_18050_/B                             320.00  467.41 -147.41 (VIOLATED)
_19122_/B                             320.00  466.32 -146.32 (VIOLATED)
_26532_/B                             320.00  466.26 -146.26 (VIOLATED)
_26533_/A2                            320.00  466.26 -146.26 (VIOLATED)
_18983_/B                             320.00  465.96 -145.96 (VIOLATED)
_18373_/B                             320.00  465.95 -145.95 (VIOLATED)
_18561_/A1                            320.00  462.69 -142.69 (VIOLATED)
_18563_/A1                            320.00  462.47 -142.47 (VIOLATED)
_17610_/C                             320.00  460.89 -140.89 (VIOLATED)
_18645_/A1                            320.00  460.79 -140.79 (VIOLATED)
_17629_/B                             320.00  460.75 -140.75 (VIOLATED)
_18643_/A1                            320.00  460.62 -140.62 (VIOLATED)
_18639_/A1                            320.00  460.58 -140.58 (VIOLATED)
_18638_/A1                            320.00  460.49 -140.49 (VIOLATED)
_18364_/B                             320.00  460.44 -140.44 (VIOLATED)
_18556_/A1                            320.00  459.97 -139.97 (VIOLATED)
_18065_/A1                            320.00  459.34 -139.34 (VIOLATED)
_18557_/A1                            320.00  458.91 -138.91 (VIOLATED)
_18066_/A1                            320.00  458.90 -138.90 (VIOLATED)
_18061_/A1                            320.00  458.74 -138.74 (VIOLATED)
_18060_/A1                            320.00  458.61 -138.61 (VIOLATED)
_26531_/A2                            320.00  458.55 -138.55 (VIOLATED)
_26530_/B                             320.00  458.43 -138.43 (VIOLATED)
_19002_/A1                            320.00  451.41 -131.41 (VIOLATED)
_19003_/A1                            320.00  451.35 -131.35 (VIOLATED)
_19200_/A1                            320.00  451.23 -131.23 (VIOLATED)
_18997_/A1                            320.00  451.16 -131.16 (VIOLATED)
_18998_/A1                            320.00  450.82 -130.82 (VIOLATED)
_19127_/A2                            320.00  443.32 -123.32 (VIOLATED)
_18576_/A1                            320.00  442.58 -122.58 (VIOLATED)
_18579_/A1                            320.00  439.97 -119.97 (VIOLATED)
_18571_/A1                            320.00  437.62 -117.62 (VIOLATED)
_26543_/B                             320.00  436.40 -116.40 (VIOLATED)
_26544_/A2                            320.00  436.39 -116.39 (VIOLATED)
_17244_/C                             320.00  435.81 -115.81 (VIOLATED)
_18858_/A1                            320.00  435.69 -115.69 (VIOLATED)
_18856_/A1                            320.00  435.66 -115.66 (VIOLATED)
_18853_/A                             320.00  435.65 -115.65 (VIOLATED)
_18850_/A1                            320.00  435.54 -115.54 (VIOLATED)
_18574_/A1                            320.00  435.40 -115.40 (VIOLATED)
_18314_/C                             320.00  435.13 -115.13 (VIOLATED)
_19370_/B                             320.00  434.69 -114.69 (VIOLATED)
_19354_/A1                            320.00  434.60 -114.60 (VIOLATED)
_19361_/A1                            320.00  434.36 -114.36 (VIOLATED)
_19356_/A1                            320.00  434.21 -114.21 (VIOLATED)
_19358_/A1                            320.00  432.51 -112.51 (VIOLATED)
_19132_/B                             320.00  430.08 -110.08 (VIOLATED)
_17923_/B                             320.00  429.92 -109.92 (VIOLATED)
_17936_/A1                            320.00  429.77 -109.77 (VIOLATED)
_26582_/B                             320.00  429.57 -109.57 (VIOLATED)
_17943_/A1                            320.00  427.30 -107.30 (VIOLATED)
_17903_/B                             320.00  426.75 -106.75 (VIOLATED)
_17891_/A1                            320.00  423.99 -103.99 (VIOLATED)
_26583_/A2                            320.00  423.88 -103.88 (VIOLATED)
_19182_/B                             320.00  422.96 -102.96 (VIOLATED)
_19121_/A1                            320.00  422.60 -102.60 (VIOLATED)
_19123_/A1                            320.00  422.57 -102.57 (VIOLATED)
_17939_/A1                            320.00  422.54 -102.54 (VIOLATED)
_17944_/A1                            320.00  422.49 -102.49 (VIOLATED)
_17977_/B                             320.00  422.45 -102.45 (VIOLATED)
_19116_/A1                            320.00  422.36 -102.36 (VIOLATED)
_17886_/A1                            320.00  422.25 -102.25 (VIOLATED)
_17965_/A1                            320.00  422.21 -102.21 (VIOLATED)
_17962_/A1                            320.00  422.19 -102.19 (VIOLATED)
_18436_/B1                            320.00  422.00 -102.00 (VIOLATED)
_19117_/A1                            320.00  421.83 -101.83 (VIOLATED)
_17970_/A1                            320.00  421.82 -101.82 (VIOLATED)
_17967_/A1                            320.00  421.55 -101.55 (VIOLATED)
_17892_/A1                            320.00  420.54 -100.54 (VIOLATED)
_17887_/A1                            320.00  418.96  -98.96 (VIOLATED)
_18725_/A1                            320.00  414.03  -94.03 (VIOLATED)
_18726_/A1                            320.00  409.70  -89.70 (VIOLATED)
_18709_/B                             320.00  409.54  -89.54 (VIOLATED)
_18721_/A1                            320.00  409.15  -89.15 (VIOLATED)
_18720_/A1                            320.00  404.19  -84.19 (VIOLATED)
_18429_/B1                            320.00  403.79  -83.79 (VIOLATED)
_17735_/B                             320.00  403.45  -83.45 (VIOLATED)
_18428_/B                             320.00  398.31  -78.31 (VIOLATED)
_26584_/B                             320.00  396.41  -76.41 (VIOLATED)
_18431_/B1                            320.00  394.31  -74.31 (VIOLATED)
_26585_/A2                            320.00  392.64  -72.64 (VIOLATED)
_26550_/B                             320.00  382.73  -62.73 (VIOLATED)
_17739_/B1                            320.00  380.65  -60.65 (VIOLATED)
_17723_/B1                            320.00  380.39  -60.39 (VIOLATED)
_17725_/B1                            320.00  380.15  -60.15 (VIOLATED)
_26551_/A2                            320.00  378.40  -58.40 (VIOLATED)
_26559_/A2                            320.00  369.06  -49.06 (VIOLATED)
_26558_/B                             320.00  368.07  -48.07 (VIOLATED)
_17722_/A1                            320.00  364.04  -44.04 (VIOLATED)
_26464_/B                             320.00  363.84  -43.84 (VIOLATED)
_26465_/A2                            320.00  363.77  -43.77 (VIOLATED)
_26461_/A2                            320.00  363.69  -43.69 (VIOLATED)
_26460_/B                             320.00  363.65  -43.65 (VIOLATED)
_26488_/B                             320.00  363.55  -43.55 (VIOLATED)
_26489_/A2                            320.00  363.22  -43.22 (VIOLATED)
_26483_/A2                            320.00  361.26  -41.26 (VIOLATED)
_26579_/A2                            320.00  360.40  -40.40 (VIOLATED)
_26482_/B                             320.00  360.30  -40.30 (VIOLATED)
_26458_/B                             320.00  358.18  -38.18 (VIOLATED)
_26578_/B                             320.00  357.69  -37.69 (VIOLATED)
_26459_/A2                            320.00  357.37  -37.37 (VIOLATED)
_18446_/B1                            320.00  355.01  -35.01 (VIOLATED)
_26510_/B                             320.00  353.82  -33.82 (VIOLATED)
_26511_/A2                            320.00  352.87  -32.87 (VIOLATED)
_18231_/B1                            320.00  351.91  -31.91 (VIOLATED)
_18238_/A1                            320.00  351.03  -31.03 (VIOLATED)
_26471_/B                             320.00  350.27  -30.27 (VIOLATED)
_26472_/A2                            320.00  350.26  -30.26 (VIOLATED)
_18239_/B1                            320.00  348.19  -28.19 (VIOLATED)
_26513_/A2                            320.00  345.53  -25.53 (VIOLATED)
_26512_/B                             320.00  343.70  -23.70 (VIOLATED)
_26575_/A2                            320.00  343.30  -23.30 (VIOLATED)
_26574_/B                             320.00  343.26  -23.26 (VIOLATED)
_26552_/B                             320.00  343.07  -23.07 (VIOLATED)
_26553_/A2                            320.00  342.89  -22.89 (VIOLATED)
_26556_/B                             320.00  342.49  -22.49 (VIOLATED)
_26557_/A2                            320.00  341.72  -21.72 (VIOLATED)
_26566_/A2                            320.00  341.64  -21.64 (VIOLATED)
_26565_/B                             320.00  340.99  -20.99 (VIOLATED)
_26567_/B                             320.00  340.81  -20.81 (VIOLATED)
_26568_/A2                            320.00  340.68  -20.68 (VIOLATED)
_19724_/B                             320.00  339.65  -19.65 (VIOLATED)
_23957_/A1                            320.00  339.63  -19.63 (VIOLATED)
_23773_/A                             320.00  339.63  -19.63 (VIOLATED)
_22440_/B2                            320.00  339.60  -19.60 (VIOLATED)
output180/A                           320.00  339.59  -19.59 (VIOLATED)
_20668_/A                             320.00  339.58  -19.58 (VIOLATED)
_26548_/B                             320.00  338.48  -18.48 (VIOLATED)
_26549_/A2                            320.00  337.52  -17.52 (VIOLATED)
_26493_/B                             320.00  334.27  -14.27 (VIOLATED)
_26494_/A2                            320.00  333.47  -13.47 (VIOLATED)
_18248_/B1                            320.00  333.45  -13.45 (VIOLATED)
_23944_/A1                            320.00  333.32  -13.32 (VIOLATED)
_20598_/A                             320.00  333.29  -13.29 (VIOLATED)
output174/A                           320.00  333.27  -13.27 (VIOLATED)
_23747_/A1                            320.00  333.26  -13.26 (VIOLATED)
_19717_/D                             320.00  333.25  -13.25 (VIOLATED)
_22118_/B2                            320.00  333.25  -13.25 (VIOLATED)
_26478_/B                             320.00  330.84  -10.84 (VIOLATED)
_26479_/A2                            320.00  330.77  -10.77 (VIOLATED)
_26487_/A2                            320.00  330.61  -10.61 (VIOLATED)
_26486_/B                             320.00  330.49  -10.49 (VIOLATED)
_18243_/C                             320.00  330.26  -10.26 (VIOLATED)
_26507_/A2                            320.00  327.23   -7.23 (VIOLATED)
_26506_/B                             320.00  325.86   -5.86 (VIOLATED)
_26476_/B                             320.00  323.76   -3.76 (VIOLATED)
_26541_/A2                            320.00  323.61   -3.61 (VIOLATED)
_26477_/A2                            320.00  321.15   -1.15 (VIOLATED)

max capacitance

Pin                                    Limit     Cap   Slack
------------------------------------------------------------
_22430_/Y                              23.04   24.73   -1.69 (VIOLATED)


==========================================================================
finish max_slew_check_slack
--------------------------------------------------------------------------
-250.68878173828125

==========================================================================
finish max_slew_check_limit
--------------------------------------------------------------------------
320.0

==========================================================================
finish max_slew_check_slack_limit
--------------------------------------------------------------------------
-0.7834

==========================================================================
finish max_fanout_check_slack
--------------------------------------------------------------------------
1.0000000150474662e+30

==========================================================================
finish max_fanout_check_limit
--------------------------------------------------------------------------
1.0000000150474662e+30

==========================================================================
finish max_capacitance_check_slack
--------------------------------------------------------------------------
-1.687306523323059

==========================================================================
finish max_capacitance_check_limit
--------------------------------------------------------------------------
23.040000915527344

==========================================================================
finish max_capacitance_check_slack_limit
--------------------------------------------------------------------------
-0.0732

==========================================================================
finish max_slew_violation_count
--------------------------------------------------------------------------
max slew violation count 251

==========================================================================
finish max_fanout_violation_count
--------------------------------------------------------------------------
max fanout violation count 0

==========================================================================
finish max_cap_violation_count
--------------------------------------------------------------------------
max cap violation count 1

==========================================================================
finish setup_violation_count
--------------------------------------------------------------------------
setup violation count 1

==========================================================================
finish hold_violation_count
--------------------------------------------------------------------------
hold violation count 0

==========================================================================
finish critical path delay
--------------------------------------------------------------------------
1736.5785

==========================================================================
finish critical path slack
--------------------------------------------------------------------------
-105.7247

==========================================================================
finish slack div critical path delay
--------------------------------------------------------------------------
-6.088104

==========================================================================
finish report_design_area
--------------------------------------------------------------------------
Design area 2299 u^2 68% utilization.

Elapsed time: 1:23.61[h:]min:sec. CPU time: user 82.77 sys 0.83 (99%). Peak memory: 1446524KB.
